# JRE version: OpenJDK Runtime Environment (17.0.6) (build 17.0.6+0-b2043.56-10027231)
# Java VM: OpenJDK 64-Bit Server VM (17.0.6+0-b2043.56-10027231, mixed mode, tiered, compressed oops, compressed class ptrs, g1 gc, windows-amd64)
GC Precious Log:
 CPUs: 8 total, 8 available
 Memory: 16210M
 Large Page Support: Disabled
 NUMA Support: Disabled
 Compressed Oops: Enabled (Zero based)
 Heap Region Size: 2M
 Heap Min Capacity: 8M
 Heap Initial Capacity: 254M
 Heap Max Capacity: 4054M
 Pre-touch: Disabled
 Parallel Workers: 8
 Concurrent Workers: 2
 Concurrent Refinement Workers: 8
 Periodic GC: Disabled
Heap:
 garbage-first heap   total 280576K, used 96134K [0x0000000702a00000, 0x0000000800000000)
  region size 2048K, 10 young (20480K), 3 survivors (6144K)
 Metaspace       used 119281K, committed 121024K, reserved 1155072K
  class space    used 15911K, committed 16704K, reserved 1048576K
GC Heap History (20 events):
Event: 4092.231 GC heap before
{Heap before GC invocations=56 (full 1):
 garbage-first heap   total 315392K, used 229572K [0x0000000702a00000, 0x0000000800000000)
  region size 2048K, 61 young (124928K), 4 survivors (8192K)
 Metaspace       used 115304K, committed 116288K, reserved 1155072K
  class space    used 15397K, committed 15872K, reserved 1048576K
}
Event: 4092.235 GC heap after
{Heap after GC invocations=57 (full 1):
 garbage-first heap   total 315392K, used 90494K [0x0000000702a00000, 0x0000000800000000)
  region size 2048K, 4 young (8192K), 4 survivors (8192K)
 Metaspace       used 115304K, committed 116288K, reserved 1155072K
  class space    used 15397K, committed 15872K, reserved 1048576K
}
Event: 4092.251 GC heap before
{Heap before GC invocations=57 (full 1):
 garbage-first heap   total 315392K, used 113022K [0x0000000702a00000, 0x0000000800000000)
  region size 2048K, 5 young (10240K), 4 survivors (8192K)
 Metaspace       used 115305K, committed 116288K, reserved 1155072K
  class space    used 15397K, committed 15872K, reserved 1048576K
}
Event: 4092.254 GC heap after
{Heap after GC invocations=58 (full 1):
 garbage-first heap   total 315392K, used 108831K [0x0000000702a00000, 0x0000000800000000)
  region size 2048K, 4 young (8192K), 4 survivors (8192K)
 Metaspace       used 115305K, committed 116288K, reserved 1155072K
  class space    used 15397K, committed 15872K, reserved 1048576K
}
Event: 7242.309 GC heap before
{Heap before GC invocations=58 (full 1):
 garbage-first heap   total 315392K, used 174367K [0x0000000702a00000, 0x0000000800000000)
  region size 2048K, 35 young (71680K), 4 survivors (8192K)
 Metaspace       used 115331K, committed 116352K, reserved 1155072K
  class space    used 15397K, committed 15872K, reserved 1048576K
}
Event: 7242.474 GC heap after
{Heap after GC invocations=59 (full 2):
 garbage-first heap   total 280576K, used 76889K [0x0000000702a00000, 0x0000000800000000)
  region size 2048K, 0 young (0K), 0 survivors (0K)
 Metaspace       used 115162K, committed 116352K, reserved 1155072K
  class space    used 15358K, committed 15872K, reserved 1048576K
}
Event: 8257.100 GC heap before
{Heap before GC invocations=59 (full 2):
 garbage-first heap   total 280576K, used 222297K [0x0000000702a00000, 0x0000000800000000)
  region size 2048K, 72 young (147456K), 0 survivors (0K)
 Metaspace       used 116173K, committed 117312K, reserved 1155072K
  class space    used 15486K, committed 16000K, reserved 1048576K
}
Event: 8257.107 GC heap after
{Heap after GC invocations=60 (full 2):
 garbage-first heap   total 280576K, used 84725K [0x0000000702a00000, 0x0000000800000000)
  region size 2048K, 4 young (8192K), 4 survivors (8192K)
 Metaspace       used 116173K, committed 117312K, reserved 1155072K
  class space    used 15486K, committed 16000K, reserved 1048576K
}
Event: 8257.648 GC heap before
{Heap before GC invocations=61 (full 2):
 garbage-first heap   total 280576K, used 135925K [0x0000000702a00000, 0x0000000800000000)
  region size 2048K, 31 young (63488K), 4 survivors (8192K)
 Metaspace       used 116375K, committed 117504K, reserved 1155072K
  class space    used 15479K, committed 16000K, reserved 1048576K
}
Event: 8257.653 GC heap after
{Heap after GC invocations=62 (full 2):
 garbage-first heap   total 280576K, used 84210K [0x0000000702a00000, 0x0000000800000000)
  region size 2048K, 4 young (8192K), 4 survivors (8192K)
 Metaspace       used 116375K, committed 117504K, reserved 1155072K
  class space    used 15479K, committed 16000K, reserved 1048576K
}
Event: 8308.702 GC heap before
{Heap before GC invocations=63 (full 2):
 garbage-first heap   total 280576K, used 196850K [0x0000000702a00000, 0x0000000800000000)
  region size 2048K, 48 young (98304K), 4 survivors (8192K)
 Metaspace       used 116570K, committed 117632K, reserved 1155072K
  class space    used 15488K, committed 16000K, reserved 1048576K
}
Event: 8308.708 GC heap after
{Heap after GC invocations=64 (full 2):
 garbage-first heap   total 280576K, used 84002K [0x0000000702a00000, 0x0000000800000000)
  region size 2048K, 4 young (8192K), 4 survivors (8192K)
 Metaspace       used 116570K, committed 117632K, reserved 1155072K
  class space    used 15488K, committed 16000K, reserved 1048576K
}
Event: 9363.923 GC heap before
{Heap before GC invocations=65 (full 2):
 garbage-first heap   total 280576K, used 247842K [0x0000000702a00000, 0x0000000800000000)
  region size 2048K, 72 young (147456K), 4 survivors (8192K)
 Metaspace       used 116979K, committed 118144K, reserved 1155072K
  class space    used 15533K, committed 16064K, reserved 1048576K
}
Event: 9363.927 GC heap after
{Heap after GC invocations=66 (full 2):
 garbage-first heap   total 280576K, used 79915K [0x0000000702a00000, 0x0000000800000000)
  region size 2048K, 2 young (4096K), 2 survivors (4096K)
 Metaspace       used 116979K, committed 118144K, reserved 1155072K
  class space    used 15533K, committed 16064K, reserved 1048576K
}
Event: 9596.246 GC heap before
{Heap before GC invocations=66 (full 2):
 garbage-first heap   total 280576K, used 172075K [0x0000000702a00000, 0x0000000800000000)
  region size 2048K, 49 young (100352K), 2 survivors (4096K)
 Metaspace       used 117161K, committed 118336K, reserved 1155072K
  class space    used 15533K, committed 16064K, reserved 1048576K
}
Event: 9596.254 GC heap after
{Heap after GC invocations=67 (full 2):
 garbage-first heap   total 280576K, used 93443K [0x0000000702a00000, 0x0000000800000000)
  region size 2048K, 9 young (18432K), 9 survivors (18432K)
 Metaspace       used 117161K, committed 118336K, reserved 1155072K
  class space    used 15533K, committed 16064K, reserved 1048576K
}
Event: 9879.461 GC heap before
{Heap before GC invocations=68 (full 2):
 garbage-first heap   total 280576K, used 218371K [0x0000000702a00000, 0x0000000800000000)
  region size 2048K, 68 young (139264K), 9 survivors (18432K)
 Metaspace       used 117395K, committed 118592K, reserved 1155072K
  class space    used 15542K, committed 16064K, reserved 1048576K
}
Event: 9879.464 GC heap after
{Heap after GC invocations=69 (full 2):
 garbage-first heap   total 280576K, used 80853K [0x0000000702a00000, 0x0000000800000000)
  region size 2048K, 2 young (4096K), 2 survivors (4096K)
 Metaspace       used 117395K, committed 118592K, reserved 1155072K
  class space    used 15542K, committed 16064K, reserved 1048576K
}
Event: 10042.458 GC heap before
{Heap before GC invocations=69 (full 2):
 garbage-first heap   total 280576K, used 216021K [0x0000000702a00000, 0x0000000800000000)
  region size 2048K, 69 young (141312K), 2 survivors (4096K)
 Metaspace       used 119266K, committed 121024K, reserved 1155072K
  class space    used 15911K, committed 16704K, reserved 1048576K
}
Event: 10042.462 GC heap after
{Heap after GC invocations=70 (full 2):
 garbage-first heap   total 280576K, used 83846K [0x0000000702a00000, 0x0000000800000000)
  region size 2048K, 3 young (6144K), 3 survivors (6144K)
 Metaspace       used 119266K, committed 121024K, reserved 1155072K
  class space    used 15911K, committed 16704K, reserved 1048576K
}

