# JRE version: OpenJDK Runtime Environment (17.0.6) (build 17.0.6+0-b2043.56-10027231)
# Java VM: OpenJDK 64-Bit Server VM (17.0.6+0-b2043.56-10027231, mixed mode, tiered, compressed oops, compressed class ptrs, g1 gc, windows-amd64)
GC Precious Log:
 CPUs: 8 total, 8 available
 Memory: 16210M
 Large Page Support: Disabled
 NUMA Support: Disabled
 Compressed Oops: Enabled (Zero based)
 Heap Region Size: 2M
 Heap Min Capacity: 8M
 Heap Initial Capacity: 254M
 Heap Max Capacity: 4054M
 Pre-touch: Disabled
 Parallel Workers: 8
 Concurrent Workers: 2
 Concurrent Refinement Workers: 8
 Periodic GC: Disabled
Heap:
 garbage-first heap   total 198656K, used 153114K [0x0000000702a00000, 0x0000000800000000)
  region size 2048K, 37 young (75776K), 3 survivors (6144K)
 Metaspace       used 94521K, committed 95232K, reserved 1138688K
  class space    used 12478K, committed 12800K, reserved 1048576K
GC Heap History (20 events):
Event: 4.900 GC heap before
{Heap before GC invocations=23 (full 0):
 garbage-first heap   total 124928K, used 91704K [0x0000000702a00000, 0x0000000800000000)
  region size 2048K, 20 young (40960K), 1 survivors (2048K)
 Metaspace       used 65517K, committed 65984K, reserved 1114112K
  class space    used 8503K, committed 8704K, reserved 1048576K
}
Event: 4.902 GC heap after
{Heap after GC invocations=24 (full 0):
 garbage-first heap   total 124928K, used 54872K [0x0000000702a00000, 0x0000000800000000)
  region size 2048K, 2 young (4096K), 2 survivors (4096K)
 Metaspace       used 65517K, committed 65984K, reserved 1114112K
  class space    used 8503K, committed 8704K, reserved 1048576K
}
Event: 5.221 GC heap before
{Heap before GC invocations=24 (full 0):
 garbage-first heap   total 124928K, used 93784K [0x0000000702a00000, 0x0000000800000000)
  region size 2048K, 21 young (43008K), 2 survivors (4096K)
 Metaspace       used 68745K, committed 69248K, reserved 1114112K
  class space    used 8960K, committed 9152K, reserved 1048576K
}
Event: 5.225 GC heap after
{Heap after GC invocations=25 (full 0):
 garbage-first heap   total 124928K, used 58754K [0x0000000702a00000, 0x0000000800000000)
  region size 2048K, 3 young (6144K), 3 survivors (6144K)
 Metaspace       used 68745K, committed 69248K, reserved 1114112K
  class space    used 8960K, committed 9152K, reserved 1048576K
}
Event: 5.599 GC heap before
{Heap before GC invocations=25 (full 0):
 garbage-first heap   total 124928K, used 95618K [0x0000000702a00000, 0x0000000800000000)
  region size 2048K, 21 young (43008K), 3 survivors (6144K)
 Metaspace       used 72966K, committed 73536K, reserved 1114112K
  class space    used 9641K, committed 9920K, reserved 1048576K
}
Event: 5.605 GC heap after
{Heap after GC invocations=26 (full 0):
 garbage-first heap   total 124928K, used 61684K [0x0000000702a00000, 0x0000000800000000)
  region size 2048K, 2 young (4096K), 2 survivors (4096K)
 Metaspace       used 72966K, committed 73536K, reserved 1114112K
  class space    used 9641K, committed 9920K, reserved 1048576K
}
Event: 5.988 GC heap before
{Heap before GC invocations=26 (full 0):
 garbage-first heap   total 124928K, used 96500K [0x0000000702a00000, 0x0000000800000000)
  region size 2048K, 19 young (38912K), 2 survivors (4096K)
 Metaspace       used 77299K, committed 77888K, reserved 1122304K
  class space    used 10315K, committed 10624K, reserved 1048576K
}
Event: 5.992 GC heap after
{Heap after GC invocations=27 (full 0):
 garbage-first heap   total 124928K, used 63391K [0x0000000702a00000, 0x0000000800000000)
  region size 2048K, 3 young (6144K), 3 survivors (6144K)
 Metaspace       used 77299K, committed 77888K, reserved 1122304K
  class space    used 10315K, committed 10624K, reserved 1048576K
}
Event: 6.292 GC heap before
{Heap before GC invocations=28 (full 0):
 garbage-first heap   total 124928K, used 98207K [0x0000000702a00000, 0x0000000800000000)
  region size 2048K, 20 young (40960K), 3 survivors (6144K)
 Metaspace       used 78364K, committed 78912K, reserved 1122304K
  class space    used 10480K, committed 10752K, reserved 1048576K
}
Event: 6.297 GC heap after
{Heap after GC invocations=29 (full 0):
 garbage-first heap   total 124928K, used 67749K [0x0000000702a00000, 0x0000000800000000)
  region size 2048K, 3 young (6144K), 3 survivors (6144K)
 Metaspace       used 78364K, committed 78912K, reserved 1122304K
  class space    used 10480K, committed 10752K, reserved 1048576K
}
Event: 6.597 GC heap before
{Heap before GC invocations=29 (full 0):
 garbage-first heap   total 124928K, used 98469K [0x0000000702a00000, 0x0000000800000000)
  region size 2048K, 18 young (36864K), 3 survivors (6144K)
 Metaspace       used 79840K, committed 80448K, reserved 1122304K
  class space    used 10754K, committed 11008K, reserved 1048576K
}
Event: 6.604 GC heap after
{Heap after GC invocations=30 (full 0):
 garbage-first heap   total 124928K, used 73215K [0x0000000702a00000, 0x0000000800000000)
  region size 2048K, 3 young (6144K), 3 survivors (6144K)
 Metaspace       used 79840K, committed 80448K, reserved 1122304K
  class space    used 10754K, committed 11008K, reserved 1048576K
}
Event: 6.812 GC heap before
{Heap before GC invocations=31 (full 0):
 garbage-first heap   total 133120K, used 95743K [0x0000000702a00000, 0x0000000800000000)
  region size 2048K, 15 young (30720K), 3 survivors (6144K)
 Metaspace       used 80523K, committed 81088K, reserved 1122304K
  class space    used 10892K, committed 11136K, reserved 1048576K
}
Event: 6.816 GC heap after
{Heap after GC invocations=32 (full 0):
 garbage-first heap   total 133120K, used 75086K [0x0000000702a00000, 0x0000000800000000)
  region size 2048K, 2 young (4096K), 2 survivors (4096K)
 Metaspace       used 80523K, committed 81088K, reserved 1122304K
  class space    used 10892K, committed 11136K, reserved 1048576K
}
Event: 7.124 GC heap before
{Heap before GC invocations=32 (full 0):
 garbage-first heap   total 133120K, used 103758K [0x0000000702a00000, 0x0000000800000000)
  region size 2048K, 17 young (34816K), 2 survivors (4096K)
 Metaspace       used 80940K, committed 81536K, reserved 1122304K
  class space    used 10914K, committed 11200K, reserved 1048576K
}
Event: 7.128 GC heap after
{Heap after GC invocations=33 (full 0):
 garbage-first heap   total 198656K, used 77449K [0x0000000702a00000, 0x0000000800000000)
  region size 2048K, 3 young (6144K), 3 survivors (6144K)
 Metaspace       used 80940K, committed 81536K, reserved 1122304K
  class space    used 10914K, committed 11200K, reserved 1048576K
}
Event: 7.869 GC heap before
{Heap before GC invocations=34 (full 0):
 garbage-first heap   total 198656K, used 153225K [0x0000000702a00000, 0x0000000800000000)
  region size 2048K, 40 young (81920K), 3 survivors (6144K)
 Metaspace       used 87301K, committed 87872K, reserved 1130496K
  class space    used 11782K, committed 12032K, reserved 1048576K
}
Event: 7.874 GC heap after
{Heap after GC invocations=35 (full 0):
 garbage-first heap   total 198656K, used 82927K [0x0000000702a00000, 0x0000000800000000)
  region size 2048K, 5 young (10240K), 5 survivors (10240K)
 Metaspace       used 87301K, committed 87872K, reserved 1130496K
  class space    used 11782K, committed 12032K, reserved 1048576K
}
Event: 20.105 GC heap before
{Heap before GC invocations=35 (full 0):
 garbage-first heap   total 198656K, used 152559K [0x0000000702a00000, 0x0000000800000000)
  region size 2048K, 40 young (81920K), 5 survivors (10240K)
 Metaspace       used 93448K, committed 94144K, reserved 1138688K
  class space    used 12438K, committed 12800K, reserved 1048576K
}
Event: 20.113 GC heap after
{Heap after GC invocations=36 (full 0):
 garbage-first heap   total 198656K, used 87578K [0x0000000702a00000, 0x0000000800000000)
  region size 2048K, 3 young (6144K), 3 survivors (6144K)
 Metaspace       used 93448K, committed 94144K, reserved 1138688K
  class space    used 12438K, committed 12800K, reserved 1048576K
}

