# JRE version: OpenJDK Runtime Environment (17.0.6) (build 17.0.6+0-b2043.56-10027231)
# Java VM: OpenJDK 64-Bit Server VM (17.0.6+0-b2043.56-10027231, mixed mode, tiered, compressed oops, compressed class ptrs, g1 gc, windows-amd64)
GC Precious Log:
 CPUs: 8 total, 8 available
 Memory: 16210M
 Large Page Support: Disabled
 NUMA Support: Disabled
 Compressed Oops: Enabled (Zero based)
 Heap Region Size: 2M
 Heap Min Capacity: 8M
 Heap Initial Capacity: 254M
 Heap Max Capacity: 4054M
 Pre-touch: Disabled
 Parallel Workers: 8
 Concurrent Workers: 2
 Concurrent Refinement Workers: 8
 Periodic GC: Disabled
Heap:
 garbage-first heap   total 159744K, used 104503K [0x0000000702a00000, 0x0000000800000000)
  region size 2048K, 16 young (32768K), 4 survivors (8192K)
 Metaspace       used 89628K, committed 90304K, reserved 1130496K
  class space    used 12185K, committed 12480K, reserved 1048576K
GC Heap History (20 events):
Event: 6.060 GC heap before
{Heap before GC invocations=25 (full 0):
 garbage-first heap   total 110592K, used 78822K [0x0000000702a00000, 0x0000000800000000)
  region size 2048K, 13 young (26624K), 2 survivors (4096K)
 Metaspace       used 68051K, committed 68480K, reserved 1114112K
  class space    used 8835K, committed 9024K, reserved 1048576K
}
Event: 6.063 GC heap after
{Heap after GC invocations=26 (full 0):
 garbage-first heap   total 110592K, used 59012K [0x0000000702a00000, 0x0000000800000000)
  region size 2048K, 2 young (4096K), 2 survivors (4096K)
 Metaspace       used 68051K, committed 68480K, reserved 1114112K
  class space    used 8835K, committed 9024K, reserved 1048576K
}
Event: 6.370 GC heap before
{Heap before GC invocations=26 (full 0):
 garbage-first heap   total 110592K, used 85636K [0x0000000702a00000, 0x0000000800000000)
  region size 2048K, 15 young (30720K), 2 survivors (4096K)
 Metaspace       used 71541K, committed 72064K, reserved 1114112K
  class space    used 9435K, committed 9664K, reserved 1048576K
}
Event: 6.374 GC heap after
{Heap after GC invocations=27 (full 0):
 garbage-first heap   total 110592K, used 60797K [0x0000000702a00000, 0x0000000800000000)
  region size 2048K, 1 young (2048K), 1 survivors (2048K)
 Metaspace       used 71541K, committed 72064K, reserved 1114112K
  class space    used 9435K, committed 9664K, reserved 1048576K
}
Event: 6.649 GC heap before
{Heap before GC invocations=28 (full 0):
 garbage-first heap   total 110592K, used 87421K [0x0000000702a00000, 0x0000000800000000)
  region size 2048K, 14 young (28672K), 1 survivors (2048K)
 Metaspace       used 74550K, committed 75072K, reserved 1114112K
  class space    used 9915K, committed 10112K, reserved 1048576K
}
Event: 6.651 GC heap after
{Heap after GC invocations=29 (full 0):
 garbage-first heap   total 110592K, used 62332K [0x0000000702a00000, 0x0000000800000000)
  region size 2048K, 2 young (4096K), 2 survivors (4096K)
 Metaspace       used 74550K, committed 75072K, reserved 1114112K
  class space    used 9915K, committed 10112K, reserved 1048576K
}
Event: 6.909 GC heap before
{Heap before GC invocations=29 (full 0):
 garbage-first heap   total 110592K, used 88956K [0x0000000702a00000, 0x0000000800000000)
  region size 2048K, 15 young (30720K), 2 survivors (4096K)
 Metaspace       used 77376K, committed 77888K, reserved 1122304K
  class space    used 10354K, committed 10560K, reserved 1048576K
}
Event: 6.913 GC heap after
{Heap after GC invocations=30 (full 0):
 garbage-first heap   total 110592K, used 64243K [0x0000000702a00000, 0x0000000800000000)
  region size 2048K, 2 young (4096K), 2 survivors (4096K)
 Metaspace       used 77376K, committed 77888K, reserved 1122304K
  class space    used 10354K, committed 10560K, reserved 1048576K
}
Event: 7.137 GC heap before
{Heap before GC invocations=31 (full 0):
 garbage-first heap   total 116736K, used 88819K [0x0000000702a00000, 0x0000000800000000)
  region size 2048K, 14 young (28672K), 2 survivors (4096K)
 Metaspace       used 78457K, committed 78976K, reserved 1122304K
  class space    used 10506K, committed 10752K, reserved 1048576K
}
Event: 7.142 GC heap after
{Heap after GC invocations=32 (full 0):
 garbage-first heap   total 116736K, used 66998K [0x0000000702a00000, 0x0000000800000000)
  region size 2048K, 2 young (4096K), 2 survivors (4096K)
 Metaspace       used 78457K, committed 78976K, reserved 1122304K
  class space    used 10506K, committed 10752K, reserved 1048576K
}
Event: 7.259 GC heap before
{Heap before GC invocations=32 (full 0):
 garbage-first heap   total 116736K, used 93622K [0x0000000702a00000, 0x0000000800000000)
  region size 2048K, 15 young (30720K), 2 survivors (4096K)
 Metaspace       used 78529K, committed 79168K, reserved 1122304K
  class space    used 10512K, committed 10816K, reserved 1048576K
}
Event: 7.265 GC heap after
{Heap after GC invocations=33 (full 0):
 garbage-first heap   total 116736K, used 71846K [0x0000000702a00000, 0x0000000800000000)
  region size 2048K, 2 young (4096K), 2 survivors (4096K)
 Metaspace       used 78529K, committed 79168K, reserved 1122304K
  class space    used 10512K, committed 10816K, reserved 1048576K
}
Event: 7.549 GC heap before
{Heap before GC invocations=34 (full 0):
 garbage-first heap   total 133120K, used 92326K [0x0000000702a00000, 0x0000000800000000)
  region size 2048K, 13 young (26624K), 2 survivors (4096K)
 Metaspace       used 80526K, committed 81088K, reserved 1122304K
  class space    used 10940K, committed 11200K, reserved 1048576K
}
Event: 7.553 GC heap after
{Heap after GC invocations=35 (full 0):
 garbage-first heap   total 133120K, used 74493K [0x0000000702a00000, 0x0000000800000000)
  region size 2048K, 2 young (4096K), 2 survivors (4096K)
 Metaspace       used 80526K, committed 81088K, reserved 1122304K
  class space    used 10940K, committed 11200K, reserved 1048576K
}
Event: 7.751 GC heap before
{Heap before GC invocations=35 (full 0):
 garbage-first heap   total 133120K, used 103165K [0x0000000702a00000, 0x0000000800000000)
  region size 2048K, 17 young (34816K), 2 survivors (4096K)
 Metaspace       used 80803K, committed 81344K, reserved 1122304K
  class space    used 10949K, committed 11200K, reserved 1048576K
}
Event: 7.754 GC heap after
{Heap after GC invocations=36 (full 0):
 garbage-first heap   total 159744K, used 76515K [0x0000000702a00000, 0x0000000800000000)
  region size 2048K, 3 young (6144K), 3 survivors (6144K)
 Metaspace       used 80803K, committed 81344K, reserved 1122304K
  class space    used 10949K, committed 11200K, reserved 1048576K
}
Event: 8.186 GC heap before
{Heap before GC invocations=37 (full 0):
 garbage-first heap   total 159744K, used 121571K [0x0000000702a00000, 0x0000000800000000)
  region size 2048K, 26 young (53248K), 3 survivors (6144K)
 Metaspace       used 82103K, committed 82752K, reserved 1122304K
  class space    used 11103K, committed 11392K, reserved 1048576K
}
Event: 8.189 GC heap after
{Heap after GC invocations=38 (full 0):
 garbage-first heap   total 159744K, used 79692K [0x0000000702a00000, 0x0000000800000000)
  region size 2048K, 4 young (8192K), 4 survivors (8192K)
 Metaspace       used 82103K, committed 82752K, reserved 1122304K
  class space    used 11103K, committed 11392K, reserved 1048576K
}
Event: 9.277 GC heap before
{Heap before GC invocations=38 (full 0):
 garbage-first heap   total 159744K, used 124748K [0x0000000702a00000, 0x0000000800000000)
  region size 2048K, 27 young (55296K), 4 survivors (8192K)
 Metaspace       used 88826K, committed 89536K, reserved 1130496K
  class space    used 12052K, committed 12352K, reserved 1048576K
}
Event: 9.283 GC heap after
{Heap after GC invocations=39 (full 0):
 garbage-first heap   total 159744K, used 84023K [0x0000000702a00000, 0x0000000800000000)
  region size 2048K, 4 young (8192K), 4 survivors (8192K)
 Metaspace       used 88826K, committed 89536K, reserved 1130496K
  class space    used 12052K, committed 12352K, reserved 1048576K
}

