# JRE version: OpenJDK Runtime Environment (17.0.6) (build 17.0.6+0-b2043.56-10027231)
# Java VM: OpenJDK 64-Bit Server VM (17.0.6+0-b2043.56-10027231, mixed mode, tiered, compressed oops, compressed class ptrs, g1 gc, windows-amd64)
GC Precious Log:
 CPUs: 8 total, 8 available
 Memory: 16210M
 Large Page Support: Disabled
 NUMA Support: Disabled
 Compressed Oops: Enabled (Zero based)
 Heap Region Size: 2M
 Heap Min Capacity: 8M
 Heap Initial Capacity: 254M
 Heap Max Capacity: 4054M
 Pre-touch: Disabled
 Parallel Workers: 8
 Concurrent Workers: 2
 Concurrent Refinement Workers: 8
 Periodic GC: Disabled
Heap:
 garbage-first heap   total 202752K, used 143559K [0x0000000702a00000, 0x0000000800000000)
  region size 2048K, 41 young (83968K), 3 survivors (6144K)
 Metaspace       used 80988K, committed 81536K, reserved 1122304K
  class space    used 10952K, committed 11264K, reserved 1048576K
GC Heap History (20 events):
Event: 4.184 GC heap before
{Heap before GC invocations=18 (full 0):
 garbage-first heap   total 90112K, used 66442K [0x0000000702a00000, 0x0000000800000000)
  region size 2048K, 9 young (18432K), 1 survivors (2048K)
 Metaspace       used 58124K, committed 58624K, reserved 1105920K
  class space    used 7599K, committed 7808K, reserved 1048576K
}
Event: 4.187 GC heap after
{Heap after GC invocations=19 (full 0):
 garbage-first heap   total 90112K, used 51057K [0x0000000702a00000, 0x0000000800000000)
  region size 2048K, 2 young (4096K), 2 survivors (4096K)
 Metaspace       used 58124K, committed 58624K, reserved 1105920K
  class space    used 7599K, committed 7808K, reserved 1048576K
}
Event: 4.351 GC heap before
{Heap before GC invocations=19 (full 0):
 garbage-first heap   total 90112K, used 67441K [0x0000000702a00000, 0x0000000800000000)
  region size 2048K, 11 young (22528K), 2 survivors (4096K)
 Metaspace       used 60020K, committed 60480K, reserved 1105920K
  class space    used 7847K, committed 8064K, reserved 1048576K
}
Event: 4.354 GC heap after
{Heap after GC invocations=20 (full 0):
 garbage-first heap   total 90112K, used 53094K [0x0000000702a00000, 0x0000000800000000)
  region size 2048K, 2 young (4096K), 2 survivors (4096K)
 Metaspace       used 60020K, committed 60480K, reserved 1105920K
  class space    used 7847K, committed 8064K, reserved 1048576K
}
Event: 4.488 GC heap before
{Heap before GC invocations=21 (full 0):
 garbage-first heap   total 100352K, used 67430K [0x0000000702a00000, 0x0000000800000000)
  region size 2048K, 10 young (20480K), 2 survivors (4096K)
 Metaspace       used 61742K, committed 62144K, reserved 1105920K
  class space    used 8065K, committed 8256K, reserved 1048576K
}
Event: 4.491 GC heap after
{Heap after GC invocations=22 (full 0):
 garbage-first heap   total 100352K, used 54645K [0x0000000702a00000, 0x0000000800000000)
  region size 2048K, 1 young (2048K), 1 survivors (2048K)
 Metaspace       used 61742K, committed 62144K, reserved 1105920K
  class space    used 8065K, committed 8256K, reserved 1048576K
}
Event: 4.520 GC heap before
{Heap before GC invocations=22 (full 0):
 garbage-first heap   total 100352K, used 56693K [0x0000000702a00000, 0x0000000800000000)
  region size 2048K, 2 young (4096K), 1 survivors (2048K)
 Metaspace       used 61939K, committed 62400K, reserved 1105920K
  class space    used 8083K, committed 8256K, reserved 1048576K
}
Event: 4.522 GC heap after
{Heap after GC invocations=23 (full 0):
 garbage-first heap   total 120832K, used 55169K [0x0000000702a00000, 0x0000000800000000)
  region size 2048K, 1 young (2048K), 1 survivors (2048K)
 Metaspace       used 61939K, committed 62400K, reserved 1105920K
  class space    used 8083K, committed 8256K, reserved 1048576K
}
Event: 4.873 GC heap before
{Heap before GC invocations=23 (full 0):
 garbage-first heap   total 120832K, used 92033K [0x0000000702a00000, 0x0000000800000000)
  region size 2048K, 19 young (38912K), 1 survivors (2048K)
 Metaspace       used 66472K, committed 66880K, reserved 1114112K
  class space    used 8636K, committed 8832K, reserved 1048576K
}
Event: 4.875 GC heap after
{Heap after GC invocations=24 (full 0):
 garbage-first heap   total 120832K, used 58273K [0x0000000702a00000, 0x0000000800000000)
  region size 2048K, 2 young (4096K), 2 survivors (4096K)
 Metaspace       used 66472K, committed 66880K, reserved 1114112K
  class space    used 8636K, committed 8832K, reserved 1048576K
}
Event: 5.252 GC heap before
{Heap before GC invocations=25 (full 0):
 garbage-first heap   total 120832K, used 95137K [0x0000000702a00000, 0x0000000800000000)
  region size 2048K, 20 young (40960K), 2 survivors (4096K)
 Metaspace       used 71107K, committed 71552K, reserved 1114112K
  class space    used 9381K, committed 9600K, reserved 1048576K
}
Event: 5.256 GC heap after
{Heap after GC invocations=26 (full 0):
 garbage-first heap   total 120832K, used 60786K [0x0000000702a00000, 0x0000000800000000)
  region size 2048K, 2 young (4096K), 2 survivors (4096K)
 Metaspace       used 71107K, committed 71552K, reserved 1114112K
  class space    used 9381K, committed 9600K, reserved 1048576K
}
Event: 5.272 GC heap before
{Heap before GC invocations=26 (full 0):
 garbage-first heap   total 120832K, used 62834K [0x0000000702a00000, 0x0000000800000000)
  region size 2048K, 3 young (6144K), 2 survivors (4096K)
 Metaspace       used 71272K, committed 71744K, reserved 1114112K
  class space    used 9401K, committed 9600K, reserved 1048576K
}
Event: 5.275 GC heap after
{Heap after GC invocations=27 (full 0):
 garbage-first heap   total 120832K, used 60952K [0x0000000702a00000, 0x0000000800000000)
  region size 2048K, 1 young (2048K), 1 survivors (2048K)
 Metaspace       used 71272K, committed 71744K, reserved 1114112K
  class space    used 9401K, committed 9600K, reserved 1048576K
}
Event: 5.652 GC heap before
{Heap before GC invocations=27 (full 0):
 garbage-first heap   total 120832K, used 93720K [0x0000000702a00000, 0x0000000800000000)
  region size 2048K, 17 young (34816K), 1 survivors (2048K)
 Metaspace       used 75174K, committed 75648K, reserved 1114112K
  class space    used 10025K, committed 10240K, reserved 1048576K
}
Event: 5.654 GC heap after
{Heap after GC invocations=28 (full 0):
 garbage-first heap   total 120832K, used 62530K [0x0000000702a00000, 0x0000000800000000)
  region size 2048K, 2 young (4096K), 2 survivors (4096K)
 Metaspace       used 75174K, committed 75648K, reserved 1114112K
  class space    used 10025K, committed 10240K, reserved 1048576K
}
Event: 6.132 GC heap before
{Heap before GC invocations=29 (full 0):
 garbage-first heap   total 120832K, used 95298K [0x0000000702a00000, 0x0000000800000000)
  region size 2048K, 18 young (36864K), 2 survivors (4096K)
 Metaspace       used 77923K, committed 78400K, reserved 1122304K
  class space    used 10430K, committed 10624K, reserved 1048576K
}
Event: 6.137 GC heap after
{Heap after GC invocations=30 (full 0):
 garbage-first heap   total 120832K, used 65184K [0x0000000702a00000, 0x0000000800000000)
  region size 2048K, 3 young (6144K), 3 survivors (6144K)
 Metaspace       used 77923K, committed 78400K, reserved 1122304K
  class space    used 10430K, committed 10624K, reserved 1048576K
}
Event: 6.384 GC heap before
{Heap before GC invocations=30 (full 0):
 garbage-first heap   total 120832K, used 95904K [0x0000000702a00000, 0x0000000800000000)
  region size 2048K, 18 young (36864K), 3 survivors (6144K)
 Metaspace       used 78469K, committed 78976K, reserved 1122304K
  class space    used 10504K, committed 10752K, reserved 1048576K
}
Event: 6.389 GC heap after
{Heap after GC invocations=31 (full 0):
 garbage-first heap   total 202752K, used 69831K [0x0000000702a00000, 0x0000000800000000)
  region size 2048K, 3 young (6144K), 3 survivors (6144K)
 Metaspace       used 78469K, committed 78976K, reserved 1122304K
  class space    used 10504K, committed 10752K, reserved 1048576K
}

