# JRE version: OpenJDK Runtime Environment (17.0.6) (build 17.0.6+0-b2043.56-10027231)
# Java VM: OpenJDK 64-Bit Server VM (17.0.6+0-b2043.56-10027231, mixed mode, tiered, compressed oops, compressed class ptrs, g1 gc, windows-amd64)
GC Precious Log:
 CPUs: 8 total, 8 available
 Memory: 16210M
 Large Page Support: Disabled
 NUMA Support: Disabled
 Compressed Oops: Enabled (Zero based)
 Heap Region Size: 2M
 Heap Min Capacity: 8M
 Heap Initial Capacity: 254M
 Heap Max Capacity: 4054M
 Pre-touch: Disabled
 Parallel Workers: 8
 Concurrent Workers: 2
 Concurrent Refinement Workers: 8
 Periodic GC: Disabled
Heap:
 garbage-first heap   total 100352K, used 53906K [0x0000000702a00000, 0x0000000800000000)
  region size 2048K, 1 young (2048K), 1 survivors (2048K)
 Metaspace       used 65176K, committed 65600K, reserved 1114112K
  class space    used 8480K, committed 8704K, reserved 1048576K
GC Heap History (20 events):
Event: 3.019 GC heap after
{Heap after GC invocations=12 (full 0):
 garbage-first heap   total 69632K, used 28470K [0x0000000702a00000, 0x0000000800000000)
  region size 2048K, 2 young (4096K), 2 survivors (4096K)
 Metaspace       used 41448K, committed 41728K, reserved 1089536K
  class space    used 5399K, committed 5504K, reserved 1048576K
}
Event: 3.259 GC heap before
{Heap before GC invocations=12 (full 0):
 garbage-first heap   total 69632K, used 48950K [0x0000000702a00000, 0x0000000800000000)
  region size 2048K, 13 young (26624K), 2 survivors (4096K)
 Metaspace       used 44224K, committed 44544K, reserved 1089536K
  class space    used 5715K, committed 5888K, reserved 1048576K
}
Event: 3.261 GC heap after
{Heap after GC invocations=13 (full 0):
 garbage-first heap   total 90112K, used 30308K [0x0000000702a00000, 0x0000000800000000)
  region size 2048K, 1 young (2048K), 1 survivors (2048K)
 Metaspace       used 44224K, committed 44544K, reserved 1089536K
  class space    used 5715K, committed 5888K, reserved 1048576K
}
Event: 3.660 GC heap before
{Heap before GC invocations=13 (full 0):
 garbage-first heap   total 90112K, used 67172K [0x0000000702a00000, 0x0000000800000000)
  region size 2048K, 19 young (38912K), 1 survivors (2048K)
 Metaspace       used 47728K, committed 48064K, reserved 1097728K
  class space    used 6264K, committed 6400K, reserved 1048576K
}
Event: 3.663 GC heap after
{Heap after GC invocations=14 (full 0):
 garbage-first heap   total 90112K, used 32207K [0x0000000702a00000, 0x0000000800000000)
  region size 2048K, 2 young (4096K), 2 survivors (4096K)
 Metaspace       used 47728K, committed 48064K, reserved 1097728K
  class space    used 6264K, committed 6400K, reserved 1048576K
}
Event: 4.067 GC heap before
{Heap before GC invocations=14 (full 0):
 garbage-first heap   total 90112K, used 71119K [0x0000000702a00000, 0x0000000800000000)
  region size 2048K, 20 young (40960K), 2 survivors (4096K)
 Metaspace       used 49321K, committed 49728K, reserved 1097728K
  class space    used 6475K, committed 6656K, reserved 1048576K
}
Event: 4.071 GC heap after
{Heap after GC invocations=15 (full 0):
 garbage-first heap   total 90112K, used 42375K [0x0000000702a00000, 0x0000000800000000)
  region size 2048K, 3 young (6144K), 3 survivors (6144K)
 Metaspace       used 49321K, committed 49728K, reserved 1097728K
  class space    used 6475K, committed 6656K, reserved 1048576K
}
Event: 4.273 GC heap before
{Heap before GC invocations=15 (full 0):
 garbage-first heap   total 90112K, used 66951K [0x0000000702a00000, 0x0000000800000000)
  region size 2048K, 15 young (30720K), 3 survivors (6144K)
 Metaspace       used 52205K, committed 52608K, reserved 1097728K
  class space    used 6881K, committed 7104K, reserved 1048576K
}
Event: 4.276 GC heap after
{Heap after GC invocations=16 (full 0):
 garbage-first heap   total 90112K, used 48504K [0x0000000702a00000, 0x0000000800000000)
  region size 2048K, 2 young (4096K), 2 survivors (4096K)
 Metaspace       used 52205K, committed 52608K, reserved 1097728K
  class space    used 6881K, committed 7104K, reserved 1048576K
}
Event: 4.500 GC heap before
{Heap before GC invocations=16 (full 0):
 garbage-first heap   total 90112K, used 68984K [0x0000000702a00000, 0x0000000800000000)
  region size 2048K, 12 young (24576K), 2 survivors (4096K)
 Metaspace       used 56790K, committed 57216K, reserved 1105920K
  class space    used 7403K, committed 7616K, reserved 1048576K
}
Event: 4.502 GC heap after
{Heap after GC invocations=17 (full 0):
 garbage-first heap   total 90112K, used 49691K [0x0000000702a00000, 0x0000000800000000)
  region size 2048K, 1 young (2048K), 1 survivors (2048K)
 Metaspace       used 56790K, committed 57216K, reserved 1105920K
  class space    used 7403K, committed 7616K, reserved 1048576K
}
Event: 4.700 GC heap before
{Heap before GC invocations=18 (full 0):
 garbage-first heap   total 92160K, used 68123K [0x0000000702a00000, 0x0000000800000000)
  region size 2048K, 11 young (22528K), 1 survivors (2048K)
 Metaspace       used 59232K, committed 59648K, reserved 1105920K
  class space    used 7744K, committed 7936K, reserved 1048576K
}
Event: 4.703 GC heap after
{Heap after GC invocations=19 (full 0):
 garbage-first heap   total 92160K, used 52066K [0x0000000702a00000, 0x0000000800000000)
  region size 2048K, 2 young (4096K), 2 survivors (4096K)
 Metaspace       used 59232K, committed 59648K, reserved 1105920K
  class space    used 7744K, committed 7936K, reserved 1048576K
}
Event: 4.721 GC heap before
{Heap before GC invocations=19 (full 0):
 garbage-first heap   total 92160K, used 54114K [0x0000000702a00000, 0x0000000800000000)
  region size 2048K, 3 young (6144K), 2 survivors (4096K)
 Metaspace       used 59435K, committed 59840K, reserved 1105920K
  class space    used 7768K, committed 7936K, reserved 1048576K
}
Event: 4.726 GC heap after
{Heap after GC invocations=20 (full 0):
 garbage-first heap   total 92160K, used 52168K [0x0000000702a00000, 0x0000000800000000)
  region size 2048K, 1 young (2048K), 1 survivors (2048K)
 Metaspace       used 59435K, committed 59840K, reserved 1105920K
  class space    used 7768K, committed 7936K, reserved 1048576K
}
Event: 4.878 GC heap before
{Heap before GC invocations=20 (full 0):
 garbage-first heap   total 92160K, used 70600K [0x0000000702a00000, 0x0000000800000000)
  region size 2048K, 10 young (20480K), 1 survivors (2048K)
 Metaspace       used 61526K, committed 61952K, reserved 1105920K
  class space    used 8048K, committed 8256K, reserved 1048576K
}
Event: 4.880 GC heap after
{Heap after GC invocations=21 (full 0):
 garbage-first heap   total 92160K, used 52963K [0x0000000702a00000, 0x0000000800000000)
  region size 2048K, 1 young (2048K), 1 survivors (2048K)
 Metaspace       used 61526K, committed 61952K, reserved 1105920K
  class space    used 8048K, committed 8256K, reserved 1048576K
}
Event: 5.093 GC heap before
{Heap before GC invocations=22 (full 0):
 garbage-first heap   total 100352K, used 69347K [0x0000000702a00000, 0x0000000800000000)
  region size 2048K, 10 young (20480K), 1 survivors (2048K)
 Metaspace       used 64946K, committed 65408K, reserved 1105920K
  class space    used 8437K, committed 8640K, reserved 1048576K
}
Event: 5.095 GC heap after
{Heap after GC invocations=23 (full 0):
 garbage-first heap   total 100352K, used 54088K [0x0000000702a00000, 0x0000000800000000)
  region size 2048K, 2 young (4096K), 2 survivors (4096K)
 Metaspace       used 64946K, committed 65408K, reserved 1105920K
  class space    used 8437K, committed 8640K, reserved 1048576K
}
Event: 5.111 GC heap before
{Heap before GC invocations=23 (full 0):
 garbage-first heap   total 100352K, used 56136K [0x0000000702a00000, 0x0000000800000000)
  region size 2048K, 3 young (6144K), 2 survivors (4096K)
 Metaspace       used 65176K, committed 65600K, reserved 1114112K
  class space    used 8480K, committed 8704K, reserved 1048576K
}

